[backblue.gif]
[fade.gif]
[index.html]
[www.venmond.com/demo/vendroid/img/ico/apple-touch-icon-114-precomposed.png]
[www.venmond.com/demo/vendroid/img/ico/apple-touch-icon-72-precomposed.png]
[www.venmond.com/demo/vendroid/img/ico/apple-touch-icon-57-precomposed.png]
[www.venmond.com/demo/vendroid/img/ico/favicon.png]
[www.venmond.com/demo/vendroid/js/modernizr.js]
[www.venmond.com/demo/vendroid/js/mobile-detect.min.js]
[www.venmond.com/demo/vendroid/js/mobile-detect-modernizr.js]
[www.venmond.com/demo/vendroid/img/logo.png]
[www.venmond.com/demo/vendroid/img/avatar/avatar.jpg]
[www.venmond.com/demo/vendroid/img/avatar/avatar-2.jpg]
[www.venmond.com/demo/vendroid/img/avatar/avatar-3.jpg]
[www.venmond.com/demo/vendroid/img/avatar/avatar-4.jpg]
[www.venmond.com/demo/vendroid/img/avatar/avatar-5.jpg]
[www.venmond.com/demo/vendroid/img/avatar/avatar-6.jpg]
[www.venmond.com/demo/vendroid/img/avatar/avatar-7.jpg]
[www.venmond.com/demo/vendroid/img/avatar/avatar-8.jpg]
[www.venmond.com/demo/vendroid/img/products/01.jpg]
[www.venmond.com/demo/vendroid/img/products/02.jpg]
[www.venmond.com/demo/vendroid/img/products/03.jpg]
[www.venmond.com/demo/vendroid/img/products/04.jpg]
[www.venmond.com/demo/vendroid/img/avatar/avatar-10.jpg]
[www.venmond.com/demo/vendroid/js/jquery.js]
[www.venmond.com/demo/vendroid/js/bootstrap.min.js]
[www.venmond.com/demo/vendroid/plugins/jquery-ui/jquery-ui.custom.min.js]
[www.venmond.com/demo/vendroid/plugins/jquery-ui-touch-punch/jquery.ui.touch-punch.min.js]
[www.venmond.com/demo/vendroid/js/caroufredsel.js]
[www.venmond.com/demo/vendroid/js/plugins.js]
[www.venmond.com/demo/vendroid/plugins/breakpoints/breakpoints.js]
[www.venmond.com/demo/vendroid/plugins/dataTables/jquery.dataTables.min.js]
[www.venmond.com/demo/vendroid/plugins/prettyPhoto-plugin/js/jquery.prettyPhoto.js]
[www.venmond.com/demo/vendroid/plugins/mCustomScrollbar/jquery.mCustomScrollbar.concat.min.js]
[www.venmond.com/demo/vendroid/plugins/tagsInput/jquery.tagsinput.min.js]
[www.venmond.com/demo/vendroid/plugins/bootstrap-switch/bootstrap-switch.min.js]
[www.venmond.com/demo/vendroid/plugins/blockUI/jquery.blockUI.js]
[www.venmond.com/demo/vendroid/plugins/pnotify/js/jquery.pnotify.min.js]
[www.venmond.com/demo/vendroid/js/theme.js]
[www.venmond.com/demo/vendroid/custom/custom.js]
[www.venmond.com/demo/vendroid/plugins/bootstrap-timepicker/bootstrap-timepicker.min.js]
[www.venmond.com/demo/vendroid/plugins/daterangepicker/moment.min.js]
[www.venmond.com/demo/vendroid/plugins/daterangepicker/daterangepicker.js]
[www.venmond.com/demo/vendroid/plugins/colorpicker/colorpicker.js]
[www.venmond.com/demo/vendroid/plugins/ckeditor/ckeditor.js]
[www.venmond.com/demo/vendroid/plugins/ckeditor/adapters/jquery.js]
[www.venmond.com/demo/vendroid/plugins/bootstrap-wysiwyg/js/wysihtml5-0.3.0.min.js]
[www.venmond.com/demo/vendroid/plugins/bootstrap-wysiwyg/js/bootstrap-wysihtml5-0.0.2.js]
[blueimp.github.io/JavaScript-Load-Image/js/load-image.min.a5.delayed]
[blueimp.github.io/JavaScript-Canvas-to-Blob/js/canvas-to-blob.min.js]
[www.venmond.com/demo/vendroid/plugins/jquery-file-upload/js/jquery.iframe-transport.js]
[www.venmond.com/demo/vendroid/plugins/jquery-file-upload/js/jquery.fileupload.js]
[www.venmond.com/demo/vendroid/plugins/jquery-file-upload/js/jquery.fileupload-process.js]
[www.venmond.com/demo/vendroid/plugins/jquery-file-upload/js/jquery.fileupload-image.js]
[www.venmond.com/demo/vendroid/plugins/jquery-file-upload/js/jquery.fileupload-audio.js]
[www.venmond.com/demo/vendroid/plugins/jquery-file-upload/js/jquery.fileupload-video.js]
[www.venmond.com/demo/vendroid/plugins/jquery-file-upload/js/jquery.fileupload-validate.js]
[www.venmond.com/demo/vendroid/pages-ecommerce-product-add.html]
[www.venmond.com/demo/vendroid/img/ico/apple-touch-icon-144-precomposed.html]
[www.venmond.com/demo/vendroid/fonts/glyphicons-halflings-regular.eot]
[www.venmond.com/demo/vendroid/fonts/glyphicons-halflings-regular.woff]
[www.venmond.com/demo/vendroid/fonts/glyphicons-halflings-regulard41d.eot]
[www.venmond.com/demo/vendroid/fonts/glyphicons-halflings-regular.ttf]
[www.venmond.com/demo/vendroid/css/bootstrap.min.css]
[www.venmond.com/demo/vendroid/fonts/fontawesome-webfont862f.eot]
[www.venmond.com/demo/vendroid/fonts/fontawesome-webfontd41d.eot]
[www.venmond.com/demo/vendroid/fonts/fontawesome-webfont862f.woff]
[www.venmond.com/demo/vendroid/fonts/fontawesome-webfont862f.ttf]
[www.venmond.com/demo/vendroid/css/font-awesome.min.css]
[www.venmond.com/demo/vendroid/fonts/entypo.eot]
[www.venmond.com/demo/vendroid/fonts/entypod41d.eot]
[www.venmond.com/demo/vendroid/fonts/entypo.ttf]
[www.venmond.com/demo/vendroid/fonts/entypo.woff]
[www.venmond.com/demo/vendroid/css/font-entypo.css]
[www.venmond.com/demo/vendroid/fonts/OpenSans-Regular-webfont.eot]
[www.venmond.com/demo/vendroid/fonts/OpenSans-Regular-webfont.woff]
[www.venmond.com/demo/vendroid/fonts/OpenSans-Regular-webfontd41d.eot]
[www.venmond.com/demo/vendroid/fonts/OpenSans-Regular-webfont.ttf]
[www.venmond.com/demo/vendroid/fonts/OpenSans-Italic-webfont.eot]
[www.venmond.com/demo/vendroid/fonts/OpenSans-Italic-webfont.woff]
[www.venmond.com/demo/vendroid/fonts/OpenSans-Italic-webfontd41d.eot]
[www.venmond.com/demo/vendroid/fonts/OpenSans-Italic-webfont.ttf]
[www.venmond.com/demo/vendroid/fonts/OpenSans-Light-webfont.eot]
[www.venmond.com/demo/vendroid/fonts/OpenSans-Light-webfont.woff]
[www.venmond.com/demo/vendroid/fonts/OpenSans-Light-webfontd41d.eot]
[www.venmond.com/demo/vendroid/fonts/OpenSans-Light-webfont.ttf]
[www.venmond.com/demo/vendroid/fonts/OpenSans-LightItalic-webfont.eot]
[www.venmond.com/demo/vendroid/fonts/OpenSans-LightItalic-webfontd41d.eot]
[www.venmond.com/demo/vendroid/fonts/OpenSans-LightItalic-webfont.woff]
[www.venmond.com/demo/vendroid/fonts/OpenSans-LightItalic-webfont.ttf]
[www.venmond.com/demo/vendroid/fonts/OpenSans-Semibold-webfont.eot]
[www.venmond.com/demo/vendroid/fonts/OpenSans-Semibold-webfont.woff]
[www.venmond.com/demo/vendroid/fonts/OpenSans-Semibold-webfontd41d.eot]
[www.venmond.com/demo/vendroid/fonts/OpenSans-Semibold-webfont.ttf]
[www.venmond.com/demo/vendroid/fonts/OpenSans-SemiboldItalic-webfont.eot]
[www.venmond.com/demo/vendroid/fonts/OpenSans-SemiboldItalic-webfont.woff]
[www.venmond.com/demo/vendroid/fonts/OpenSans-SemiboldItalic-webfont.ttf]
[www.venmond.com/demo/vendroid/fonts/OpenSans-SemiboldItalic-webfontd41d.eot]
[www.venmond.com/demo/vendroid/fonts/fontawesome-webfontba72.eot]
[www.venmond.com/demo/vendroid/fonts/fontawesome-webfontba72.woff]
[www.venmond.com/demo/vendroid/fonts/fontawesome-webfontba72.ttf]
[www.venmond.com/demo/vendroid/css/fonts.css]
[www.venmond.com/demo/vendroid/plugins/jquery-ui/jquery-ui.custom.min.css]
[www.venmond.com/demo/vendroid/plugins/prettyPhoto-plugin/images/prettyPhoto/default/sprite.png]
[www.venmond.com/demo/vendroid/plugins/prettyPhoto-plugin/images/prettyPhoto/default/sprite_x.png]
[www.venmond.com/demo/vendroid/plugins/prettyPhoto-plugin/images/prettyPhoto/default/sprite_y.png]
[www.venmond.com/demo/vendroid/plugins/prettyPhoto-plugin/images/prettyPhoto/default/sprite_next.png]
[www.venmond.com/demo/vendroid/plugins/prettyPhoto-plugin/images/prettyPhoto/default/sprite_prev.png]
[www.venmond.com/demo/vendroid/plugins/prettyPhoto-plugin/images/prettyPhoto/default/default_thumb.png]
[www.venmond.com/demo/vendroid/plugins/prettyPhoto-plugin/images/prettyPhoto/default/loader.gif]
[www.venmond.com/demo/vendroid/plugins/prettyPhoto-plugin/images/prettyPhoto/light_rounded/sprite.png]
[www.venmond.com/demo/vendroid/plugins/prettyPhoto-plugin/images/prettyPhoto/light_rounded/btnNext.png]
[www.venmond.com/demo/vendroid/plugins/prettyPhoto-plugin/images/prettyPhoto/light_rounded/btnPrevious.png]
[www.venmond.com/demo/vendroid/plugins/prettyPhoto-plugin/images/prettyPhoto/dark_rounded/sprite.png]
[www.venmond.com/demo/vendroid/plugins/prettyPhoto-plugin/images/prettyPhoto/dark_rounded/contentPattern.png]
[www.venmond.com/demo/vendroid/plugins/prettyPhoto-plugin/images/prettyPhoto/dark_rounded/btnNext.png]
[www.venmond.com/demo/vendroid/plugins/prettyPhoto-plugin/images/prettyPhoto/dark_rounded/btnPrevious.png]
[www.venmond.com/demo/vendroid/plugins/prettyPhoto-plugin/images/prettyPhoto/dark_rounded/loader.gif]
[www.venmond.com/demo/vendroid/plugins/prettyPhoto-plugin/images/prettyPhoto/dark_square/loader.gif]
[www.venmond.com/demo/vendroid/plugins/prettyPhoto-plugin/images/prettyPhoto/dark_square/sprite.png]
[www.venmond.com/demo/vendroid/plugins/prettyPhoto-plugin/images/prettyPhoto/dark_square/btnNext.png]
[www.venmond.com/demo/vendroid/plugins/prettyPhoto-plugin/images/prettyPhoto/dark_square/btnPrevious.png]
[www.venmond.com/demo/vendroid/plugins/prettyPhoto-plugin/images/prettyPhoto/light_square/sprite.png]
[www.venmond.com/demo/vendroid/plugins/prettyPhoto-plugin/images/prettyPhoto/light_square/btnNext.png]
[www.venmond.com/demo/vendroid/plugins/prettyPhoto-plugin/images/prettyPhoto/light_square/btnPrevious.png]
[www.venmond.com/demo/vendroid/plugins/prettyPhoto-plugin/images/prettyPhoto/facebook/sprite.png]
[www.venmond.com/demo/vendroid/plugins/prettyPhoto-plugin/images/prettyPhoto/facebook/contentPatternTop.png]
[www.venmond.com/demo/vendroid/plugins/prettyPhoto-plugin/images/prettyPhoto/facebook/contentPatternLeft.png]
[www.venmond.com/demo/vendroid/plugins/prettyPhoto-plugin/images/prettyPhoto/facebook/contentPatternRight.png]
[www.venmond.com/demo/vendroid/plugins/prettyPhoto-plugin/images/prettyPhoto/facebook/loader.gif]
[www.venmond.com/demo/vendroid/plugins/prettyPhoto-plugin/images/prettyPhoto/facebook/btnNext.png]
[www.venmond.com/demo/vendroid/plugins/prettyPhoto-plugin/images/prettyPhoto/facebook/btnPrevious.png]
[www.venmond.com/demo/vendroid/plugins/prettyPhoto-plugin/images/prettyPhoto/facebook/contentPatternBottom.png]
[www.venmond.com/demo/vendroid/plugins/prettyPhoto-plugin/images/prettyPhoto/facebook/default_thumbnail.gif]
[www.venmond.com/demo/vendroid/plugins/prettyPhoto-plugin/images/prettyPhoto/light_rounded/loader.gif]
[www.venmond.com/demo/vendroid/plugins/prettyPhoto-plugin/css/prettyPhoto.css]
[www.venmond.com/demo/vendroid/plugins/isotope/css/isotope.css]
[www.venmond.com/demo/vendroid/plugins/pnotify/css/jquery.pnotify.css]
[www.venmond.com/demo/vendroid/plugins/google-code-prettify/prettify.css]
[www.venmond.com/demo/vendroid/plugins/mCustomScrollbar/jquery.mCustomScrollbar.css]
[www.venmond.com/demo/vendroid/plugins/tagsInput/jquery.tagsinput.css]
[www.venmond.com/demo/vendroid/plugins/bootstrap-switch/bootstrap-switch.css]
[www.venmond.com/demo/vendroid/plugins/daterangepicker/daterangepicker-bs3.css]
[www.venmond.com/demo/vendroid/plugins/bootstrap-timepicker/bootstrap-timepicker.min.css]
[www.venmond.com/demo/vendroid/plugins/colorpicker/images/colorpicker_background.png]
[www.venmond.com/demo/vendroid/plugins/colorpicker/images/colorpicker_overlay.png]
[www.venmond.com/demo/vendroid/plugins/colorpicker/images/colorpicker_select.gif]
[www.venmond.com/demo/vendroid/plugins/colorpicker/images/colorpicker_indic.gif]
[www.venmond.com/demo/vendroid/plugins/colorpicker/images/colorpicker_hex.png]
[www.venmond.com/demo/vendroid/plugins/colorpicker/images/colorpicker_rgb_r.png]
[www.venmond.com/demo/vendroid/plugins/colorpicker/images/colorpicker_rgb_g.png]
[www.venmond.com/demo/vendroid/plugins/colorpicker/images/colorpicker_rgb_b.png]
[www.venmond.com/demo/vendroid/plugins/colorpicker/images/colorpicker_hsb_h.png]
[www.venmond.com/demo/vendroid/plugins/colorpicker/images/colorpicker_hsb_s.png]
[www.venmond.com/demo/vendroid/plugins/colorpicker/images/colorpicker_hsb_b.png]
[www.venmond.com/demo/vendroid/plugins/colorpicker/images/colorpicker_submit.png]
[www.venmond.com/demo/vendroid/plugins/colorpicker/css/colorpicker.css]
[www.venmond.com/demo/vendroid/plugins/dataTables/images/sort_both.png]
[www.venmond.com/demo/vendroid/plugins/dataTables/images/sort_asc.png]
[www.venmond.com/demo/vendroid/plugins/dataTables/images/sort_desc.png]
[www.venmond.com/demo/vendroid/plugins/dataTables/images/sort_asc_disabled.png]
[www.venmond.com/demo/vendroid/plugins/dataTables/images/sort_desc_disabled.png]
[www.venmond.com/demo/vendroid/plugins/dataTables/css/jquery.dataTables.min.css]
[www.venmond.com/demo/vendroid/plugins/dataTables/css/dataTables.bootstrap.css]
[www.venmond.com/demo/vendroid/plugins/jquery-file-upload/css/jquery.fileupload.css]
[www.venmond.com/demo/vendroid/plugins/jquery-file-upload/img/progressbar.gif]
[www.venmond.com/demo/vendroid/plugins/jquery-file-upload/img/loading.gif]
[www.venmond.com/demo/vendroid/plugins/jquery-file-upload/css/jquery.fileupload-ui.css]
[www.venmond.com/demo/vendroid/img/sprites.png]
[www.venmond.com/demo/vendroid/img/banner/caret-testimonial.png]
[www.venmond.com/demo/vendroid/img/icons/quote-big.png]
[www.venmond.com/demo/vendroid/img/pattern/pattern1.png]
[www.venmond.com/demo/vendroid/img/pattern/pattern2.png]
[www.venmond.com/demo/vendroid/img/pattern/pattern3.png]
[www.venmond.com/demo/vendroid/img/pattern/pattern4.png]
[www.venmond.com/demo/vendroid/img/pattern/pattern5.png]
[www.venmond.com/demo/vendroid/img/pattern/pattern6.png]
[www.venmond.com/demo/vendroid/img/pattern/pattern7.png]
[www.venmond.com/demo/vendroid/img/pattern/pattern8.png]
[www.venmond.com/demo/vendroid/img/banner/cloud.png]
[www.venmond.com/demo/vendroid/css/theme.min.css]
[www.venmond.com/demo/vendroid/css/chrome.css]
[www.venmond.com/demo/vendroid/css/theme-responsive.min.css]
[www.venmond.com/demo/vendroid/custom/custom.css]
[www.venmond.com/demo/vendroid/img/photos/news-blur.jpg]
[www.venmond.com/demo/vendroid/img/photos/news-blur-02.jpg]
[www.venmond.com/demo/vendroid/img/photos/news-blur-03.jpg]
[www.venmond.com/demo/vendroid/plugins/flot/jquery.flot.min.js]
[www.venmond.com/demo/vendroid/plugins/flot/jquery.flot.resize.min.js]
[www.venmond.com/demo/vendroid/plugins/flot/jquery.flot.pie.min.js]
[www.venmond.com/demo/vendroid/plugins/flot/jquery.flot.categories.min.js]
[www.venmond.com/demo/vendroid/plugins/flot/jquery.flot.time.min.js]
[www.venmond.com/demo/vendroid/plugins/flot/jquery.flot.animator.min.js]
[www.venmond.com/demo/vendroid/plugins/jvectormap/jquery-jvectormap-1.2.2.min.js]
[www.venmond.com/demo/vendroid/plugins/jvectormap/jquery-jvectormap-world-mill-en.js]
[www.venmond.com/demo/vendroid/plugins/moment/moment.min.js]
[www.venmond.com/demo/vendroid/plugins/fullcalendar/fullcalendar.min.js]
[www.venmond.com/demo/vendroid/plugins/introjs/js/intro.min.js]
[www.venmond.com/demo/vendroid/plugins/skycons/skycons.js]
[www.venmond.com/demo/vendroid/index.html]
[www.venmond.com/demo/vendroid/plugins/flot/jquery.flot.resize.js]
[www.venmond.com/demo/vendroid/index-ecommerce.html]
[www.venmond.com/demo/vendroid/plugins/sparkline/jquery.sparkline.min.js]
[www.venmond.com/demo/vendroid/index-analytics.html]
[www.venmond.com/demo/vendroid/index-blogging.html]
[www.venmond.com/demo/vendroid/index-event-management.html]
[www.venmond.com/demo/vendroid/email.html]
[www.venmond.com/demo/vendroid/plugins/google-code-prettify/prettify.js]
[www.venmond.com/demo/vendroid/skin-clean-minimalist.html]
[www.venmond.com/demo/vendroid/skin-nav-medium-profile-dark.html]
[www.venmond.com/demo/vendroid/layouts-simple.html]
[www.venmond.com/demo/vendroid/layouts-simple-medium-profile.html]
[www.venmond.com/demo/vendroid/layouts-double-sidenav.html]
[www.venmond.com/demo/vendroid/layouts-hide-rightnav.html]
[www.venmond.com/demo/vendroid/layouts-medium-no-header.html]
[www.venmond.com/demo/vendroid/layouts-right-nav.html]
[www.venmond.com/demo/vendroid/layouts-menu-tab.html]
[www.venmond.com/demo/vendroid/layouts-without-subtitle.html]
[www.venmond.com/demo/vendroid/layouts-middle.html]
[www.venmond.com/demo/vendroid/layouts-boxed.html]
[www.venmond.com/demo/vendroid/layouts-full-no-responsive.html]
[www.venmond.com/demo/vendroid/layouts-middle-no-responsive.html]
[www.venmond.com/demo/vendroid/layouts-boxed-no-responsive.html]
[www.venmond.com/demo/vendroid/layouts-boxed-custom-width-no-responsive.html]
[www.venmond.com/demo/vendroid/layouts-fixed-nav.html]
[www.venmond.com/demo/vendroid/layouts-no-header-fixed-nav.html]
[www.venmond.com/demo/vendroid/nav-side-large-menu-tab.html]
[www.venmond.com/demo/vendroid/nav-side-large-tabs-tab.html]
[www.venmond.com/demo/vendroid/nav-side-large-profile-tab.html]
[www.venmond.com/demo/vendroid/nav-side-large-no-tab.html]
[www.venmond.com/demo/vendroid/nav-side-large-chat-content.html]
[www.venmond.com/demo/vendroid/nav-side-large-email.html]
[www.venmond.com/demo/vendroid/nav-side-medium-menu-tab.html]
[www.venmond.com/demo/vendroid/nav-side-medium-tabs-tab.html]
[www.venmond.com/demo/vendroid/nav-side-medium-profile-tab.html]
[www.venmond.com/demo/vendroid/nav-side-medium-no-tab.html]
[www.venmond.com/demo/vendroid/nav-side-small-menu-tab.html]
[www.venmond.com/demo/vendroid/nav-side-small-tabs-tab.html]
[www.venmond.com/demo/vendroid/nav-side-small-profile-tab.html]
[www.venmond.com/demo/vendroid/nav-side-small-no-tab.html]
[www.venmond.com/demo/vendroid/nav-top-search.html]
[www.venmond.com/demo/vendroid/nav-top-menu.html]
[www.venmond.com/demo/vendroid/nav-top-clean-style.html]
[www.venmond.com/demo/vendroid/nav-bottom-widget.html]
[www.venmond.com/demo/vendroid/nav-bottom-clean-menu.html]
[www.venmond.com/demo/vendroid/nav-bottom-clean-center.html]
[www.venmond.com/demo/vendroid/img/screenshot/vendroid-01.jpg]
[www.venmond.com/demo/vendroid/img/screenshot/vendroid-02.jpg]
[www.venmond.com/demo/vendroid/img/screenshot/vendroid-03.jpg]
[www.venmond.com/demo/vendroid/img/screenshot/vendroid-04.jpg]
[www.venmond.com/demo/vendroid/functions-index.html]
[www.venmond.com/demo/vendroid/forms-elements.html]
[www.venmond.com/demo/vendroid/forms-layouts.html]
[www.venmond.com/demo/vendroid/plugins/bootstrap-wizard/jquery.bootstrap.wizard.min.js]
[www.venmond.com/demo/vendroid/forms-wizard.html]
[www.venmond.com/demo/vendroid/forms-validation.html]
[www.venmond.com/demo/vendroid/forms-sliders.html]
[blueimp.github.io/Gallery/css/blueimp-gallery.min.css]
[blueimp.github.io/JavaScript-Templates/js/tmpl.min.js]
[blueimp.github.io/Gallery/js/jquery.blueimp-gallery.min.js]
[www.venmond.com/demo/vendroid/plugins/jquery-file-upload/js/jquery.fileupload-ui.js]
[www.venmond.com/demo/vendroid/forms-multiple-file-upload.html]
[www.venmond.com/demo/vendroid/forms-inline-editing.html]
[www.venmond.com/demo/vendroid/ui-panels.html]
[www.venmond.com/demo/vendroid/ui-panels-draggable.html]
[www.venmond.com/demo/vendroid/ui-buttons.html]
[www.venmond.com/demo/vendroid/img/blog/02.jpg]
[www.venmond.com/demo/vendroid/img/blog/03.jpg]
[www.venmond.com/demo/vendroid/ui-typography.html]
[www.venmond.com/demo/vendroid/ui-icons.html]
[www.venmond.com/demo/vendroid/plugins/tabdrop/js/bootstrap-tabdrop.js]
[www.venmond.com/demo/vendroid/ui-tabs-accordion.html]
[www.venmond.com/demo/vendroid/ui-alert-notifications.html]
[www.venmond.com/demo/vendroid/ui-pricing-tables.html]
[www.venmond.com/demo/vendroid/listtables-tables-variation.html]
[www.venmond.com/demo/vendroid/plugins/dataTables/dataTables.bootstrap.js]
[www.venmond.com/demo/vendroid/listtables-data-tables.html]
[www.venmond.com/demo/vendroid/listtables-small-list.html]
[www.venmond.com/demo/vendroid/listtables-medium-list.html]
[www.venmond.com/demo/vendroid/img/blog/01-square-200.jpg]
[www.venmond.com/demo/vendroid/img/blog/02-square-200.jpg]
[www.venmond.com/demo/vendroid/img/blog/03-square-200.jpg]
[www.venmond.com/demo/vendroid/img/blog/01-square.jpg]
[www.venmond.com/demo/vendroid/img/blog/02-square.jpg]
[www.venmond.com/demo/vendroid/img/blog/03-square.jpg]
[www.venmond.com/demo/vendroid/listtables-blog-small-list.html]
[www.venmond.com/demo/vendroid/img/blog/01.jpg]
[www.venmond.com/demo/vendroid/listtables-blog-large-list.html]
[www.venmond.com/demo/vendroid/listtables-grid-list.html]
[www.venmond.com/demo/vendroid/plugins/raphael/raphael.min.js]
[www.venmond.com/demo/vendroid/plugins/morris/morris.min.js]
[www.venmond.com/demo/vendroid/charts-morris.html]
[www.venmond.com/demo/vendroid/charts-flot.html]
[www.venmond.com/demo/vendroid/charts-sparkline.html]
[www.venmond.com/demo/vendroid/maps-vector.html]
[www.venmond.com/demo/vendroid/js/jquery.gmap.min.js]
[www.venmond.com/demo/vendroid/maps-google.html]
[www.venmond.com/demo/vendroid/img/photos/01.jpg]
[www.venmond.com/demo/vendroid/img/photos/03.jpg]
[www.venmond.com/demo/vendroid/img/photos/08.jpg]
[www.venmond.com/demo/vendroid/img/photos/15.jpg]
[www.venmond.com/demo/vendroid/img/photos/02.jpg]
[www.venmond.com/demo/vendroid/img/photos/06.jpg]
[www.venmond.com/demo/vendroid/img/photos/04.jpg]
[www.venmond.com/demo/vendroid/img/photos/10.jpg]
[www.venmond.com/demo/vendroid/img/photos/09.jpg]
[www.venmond.com/demo/vendroid/img/photos/11.jpg]
[www.venmond.com/demo/vendroid/img/photos/12.jpg]
[www.venmond.com/demo/vendroid/img/photos/13.jpg]
[www.venmond.com/demo/vendroid/img/photos/14.jpg]
[www.venmond.com/demo/vendroid/plugins/isotope/isotope.pkgd.min.js]
[www.venmond.com/demo/vendroid/gallery-page.html]
[www.venmond.com/demo/vendroid/gallery-masonry.html]
[www.venmond.com/demo/vendroid/gallery-text-filter.html]
[www.venmond.com/demo/vendroid/pages-custom-product.html]
[www.venmond.com/demo/vendroid/pages-essay.html]
[www.venmond.com/demo/vendroid/pages-invoice.html]
[www.venmond.com/demo/vendroid/img/avatar/big.jpg]
[www.venmond.com/demo/vendroid/plugins/jquery-file-upload/js/vendor/jquery.ui.widget.js]
[www.venmond.com/demo/vendroid/plugins/jquery-file-upload/js/load-image.min.js]
[www.venmond.com/demo/vendroid/plugins/jquery-file-upload/js/canvas-to-blob.min.js]
[www.venmond.com/demo/vendroid/pages-user-profile-form.html]
[www.venmond.com/demo/vendroid/img/groups/logo-01.jpg]
[www.venmond.com/demo/vendroid/img/groups/logo-02.jpg]
[www.venmond.com/demo/vendroid/img/groups/logo-03.jpg]
[www.venmond.com/demo/vendroid/pages-user-profile.html]
[www.venmond.com/demo/vendroid/img/blog/01-large.jpg]
[www.venmond.com/demo/vendroid/pages-timeline.html]
[www.venmond.com/demo/vendroid/pages-calendar.html]
[www.venmond.com/demo/vendroid/pages-ecommerce-products.html]
[www.venmond.com/demo/vendroid/pages-login.html]
[www.venmond.com/demo/vendroid/pages-forget-password.html]
[www.venmond.com/demo/vendroid/pages-register.html]
[www.venmond.com/demo/vendroid/pages-logout.html]
[www.venmond.com/demo/vendroid/pages-lockscreen.html]
[www.venmond.com/demo/vendroid/pages-404-error.html]
[www.venmond.com/demo/vendroid/pages-500-error.html]
[www.venmond.com/demo/vendroid/img/logo-white.png]
[www.venmond.com/demo/vendroid/img/banner/icon-1.png]
[www.venmond.com/demo/vendroid/img/banner/word-1.png]
[www.venmond.com/demo/vendroid/img/banner/icon-2.png]
[www.venmond.com/demo/vendroid/img/banner/word-2.png]
[www.venmond.com/demo/vendroid/img/banner/icon-3.png]
[www.venmond.com/demo/vendroid/img/banner/word-3.png]
[www.venmond.com/demo/vendroid/img/banner/icon-4.png]
[www.venmond.com/demo/vendroid/img/icons/RoundIcons-Free-Set-13.png]
[www.venmond.com/demo/vendroid/img/icons/RoundIcons-Free-Set-20.png]
[www.venmond.com/demo/vendroid/img/icons/RoundIcons-Free-Set-26.png]
[www.venmond.com/demo/vendroid/img/banner/responsive-device.png]
[www.venmond.com/demo/vendroid/img/screenshot/vendroid-01-thumbs.jpg]
[www.venmond.com/demo/vendroid/img/screenshot/vendroid-02-thumbs.jpg]
[www.venmond.com/demo/vendroid/img/screenshot/vendroid-03-thumbs.jpg]
[www.venmond.com/demo/vendroid/img/screenshot/vendroid-04-thumbs.jpg]
[www.venmond.com/demo/vendroid/img/screenshot/vendroid-05.jpg]
[www.venmond.com/demo/vendroid/img/screenshot/vendroid-05-thumbs.jpg]
[www.venmond.com/demo/vendroid/img/screenshot/vendroid-06.jpg]
[www.venmond.com/demo/vendroid/img/screenshot/vendroid-06-thumbs.jpg]
[www.venmond.com/demo/vendroid/img/screenshot/vendroid-07.jpg]
[www.venmond.com/demo/vendroid/img/screenshot/vendroid-07-thumbs.jpg]
[www.venmond.com/demo/vendroid/img/screenshot/vendroid-08.jpg]
[www.venmond.com/demo/vendroid/img/screenshot/vendroid-08-thumbs.jpg]
[www.venmond.com/demo/vendroid/img/screenshot/vendroid-09.jpg]
[www.venmond.com/demo/vendroid/img/screenshot/vendroid-09-thumbs.jpg]
[www.venmond.com/demo/vendroid/plugins/stellar/jquery.stellar.js]
[www.venmond.com/demo/vendroid/plugins/waypoints/waypoints.min.js]
[www.venmond.com/demo/vendroid/plugins/jquery-easing/jquery.easing.1.3.js]
[www.venmond.com/demo/vendroid/front-1.html]
[www.venmond.com/demo/vendroid/img/banner/fw-1.jpg]
[www.venmond.com/demo/vendroid/img/banner/banner-front-2-page-1-logo--only.png]
[www.venmond.com/demo/vendroid/img/banner/banner-front-2-page-1-logo-word.png]
[www.venmond.com/demo/vendroid/img/banner/take-quick-tour-image.png]
[www.venmond.com/demo/vendroid/img/banner/left.png]
[www.venmond.com/demo/vendroid/img/banner/right.png]
[www.venmond.com/demo/vendroid/img/banner/banner-front-2-page-2-logo-center-macbook.png]
[www.venmond.com/demo/vendroid/img/banner/banner-front-2-page-2-logo-center-desktop.png]
[www.venmond.com/demo/vendroid/img/banner/banner-front-2-page-2-logo-right-desktop.png]
[www.venmond.com/demo/vendroid/img/banner/banner-front-2-page-2-logo-left-desktop.png]
[www.venmond.com/demo/vendroid/img/banner/banner-front-2-page-2-logo-right-desktop-big.png]
[www.venmond.com/demo/vendroid/img/banner/banner-front-2-page-2-logo-left-desktop-big.png]
[www.venmond.com/demo/vendroid/img/banner/banner-front-2-page-2-logo-center-tab.png]
[www.venmond.com/demo/vendroid/img/banner/banner-front-2-page-2-logo-center-phone.png]
[www.venmond.com/demo/vendroid/img/banner/banner-front-2-page-3-desktop-1.png]
[www.venmond.com/demo/vendroid/img/banner/banner-front-2-page-3-desktop-2.png]
[www.venmond.com/demo/vendroid/img/banner/banner-front-2-page-3-desktop-3.png]
[www.venmond.com/demo/vendroid/plugins/layerslider/js/greensock.js]
[www.venmond.com/demo/vendroid/plugins/layerslider/js/layerslider.transitions.js]
[www.venmond.com/demo/vendroid/plugins/layerslider/js/layerslider.kreaturamedia.jquery.js]
[www.venmond.com/demo/vendroid/front-2.html]
[www.venmond.com/demo/vendroid/front-blog.html]
[www.venmond.com/demo/vendroid/front-blog-content.html]
[www.venmond.com/demo/vendroid/j.html]
[blueimp.github.io/JavaScript-Load-Image/js/load-image.min.html]
[www.venmond.com/demo/vendroid/fonts/glyphicons-halflings-regular.svg]
[www.venmond.com/demo/vendroid/fonts/fontawesome-webfont862f.svg]
[www.venmond.com/demo/vendroid/fonts/entypo.svg]
[www.venmond.com/demo/vendroid/fonts/OpenSans-Regular-webfont.svg]
[www.venmond.com/demo/vendroid/fonts/OpenSans-Italic-webfont.svg]
[www.venmond.com/demo/vendroid/fonts/OpenSans-Light-webfont.svg]
[www.venmond.com/demo/vendroid/fonts/OpenSans-LightItalic-webfont.svg]
[www.venmond.com/demo/vendroid/fonts/OpenSans-Semibold-webfont.svg]
[www.venmond.com/demo/vendroid/fonts/OpenSans-SemiboldItalic-webfont.svg]
[www.venmond.com/demo/vendroid/fonts/fontawesome-webfontba72.svg]
[www.venmond.com/demo/vendroid/plugins/mCustomScrollbar/mCSB_buttons.html]
[www.venmond.com/demo/vendroid/fonts/bebasneue-webfont.html]
[www.venmond.com/demo/vendroid/fonts/bebasneue-webfont-2.html]
[www.venmond.com/demo/vendroid/fonts/bebasneue-webfontd41d.html]
[www.venmond.com/demo/vendroid/fonts/bebasneue-webfont-3.html]
[www.venmond.com/demo/vendroid/fonts/bebasneue-webfont-4.html]
[www.venmond.com/demo/vendroid/plugins/fullcalendar/fullcalendar.css]
[www.venmond.com/demo/vendroid/plugins/fullcalendar/fullcalendar.print.css]
[www.venmond.com/demo/vendroid/plugins/introjs/css/introjs.min.css]
[www.venmond.com/demo/vendroid/email-compose.html]
[www.venmond.com/demo/vendroid/css/non-responsive.css]
[www.venmond.com/demo/vendroid/plugins/bootstrap-wysiwyg/css/bootstrap-wysihtml5-0.0.2.css]
[blueimp.github.io/Gallery/img/loading.gif]
[blueimp.github.io/Gallery/img/error.png]
[blueimp.github.io/Gallery/img/play-pause.png]
[blueimp.github.io/Gallery/img/video-play.png]
[blueimp.github.io/Gallery/css/blueimp-gallery.min.css]
[www.venmond.com/demo/vendroid/plugins/tabdrop/css/tabdrop.css]
[www.venmond.com/demo/vendroid/plugins/dataTables/css/jquery.dataTables.html]
[www.venmond.com/demo/vendroid/plugins/morris/morris.css]
[www.venmond.com/demo/vendroid/css/animate.css]
[www.venmond.com/demo/vendroid/plugins/layerslider/css/blank.gif]
[www.venmond.com/demo/vendroid/plugins/layerslider/css/layerslider.css]
